2025-03-26 12:16:47,161 - INFO - Starting CVS price scraping with both lists...
2025-03-26 12:16:47,162 - INFO - Starting second grocery list scraping
2025-03-26 12:16:47,162 - ERROR - Error during scraping: name 'list2' is not defined
2025-03-26 12:17:45,439 - INFO - Starting CVS price scraping with both lists...
2025-03-26 12:17:45,439 - INFO - Starting second grocery list scraping
2025-03-26 12:17:45,458 - ERROR - Error during scraping: Message: no such element: Unable to locate element: {"method":"css selector","selector":"[id="clickable"]"}
  (Session info: chrome=134.0.6998.177); For documentation on this error, please visit: https://www.selenium.dev/documentation/webdriver/troubleshooting/errors#no-such-element-exception
Stacktrace:
	GetHandleVerifier [0x00007FF7C0F94C25+3179557]
	(No symbol) [0x00007FF7C0BF88A0]
	(No symbol) [0x00007FF7C0A891CA]
	(No symbol) [0x00007FF7C0ADFA67]
	(No symbol) [0x00007FF7C0ADFC9C]
	(No symbol) [0x00007FF7C0B33627]
	(No symbol) [0x00007FF7C0B07C6F]
	(No symbol) [0x00007FF7C0B302F3]
	(No symbol) [0x00007FF7C0B07A03]
	(No symbol) [0x00007FF7C0AD06D0]
	(No symbol) [0x00007FF7C0AD1983]
	GetHandleVerifier [0x00007FF7C0FF67CD+3579853]
	GetHandleVerifier [0x00007FF7C100D1D2+3672530]
	GetHandleVerifier [0x00007FF7C1002153+3627347]
	GetHandleVerifier [0x00007FF7C0D6092A+868650]
	(No symbol) [0x00007FF7C0C02FFF]
	(No symbol) [0x00007FF7C0BFF4A4]
	(No symbol) [0x00007FF7C0BFF646]
	(No symbol) [0x00007FF7C0BEEAA9]
	BaseThreadInitThunk [0x00007FFEE5337374+20]
	RtlUserThreadStart [0x00007FFEE641CC91+33]

2025-03-26 12:22:45,154 - INFO - Starting CVS price scraping with both lists...
2025-03-26 12:22:45,155 - INFO - Starting second grocery list scraping
2025-03-26 12:23:42,284 - INFO - Starting CVS price scraping with both lists...
2025-03-26 12:23:42,286 - INFO - Starting second grocery list scraping
2025-03-26 12:30:32,963 - INFO - Starting CVS price scraping with both lists...
2025-03-26 12:30:32,964 - INFO - Starting second grocery list scraping
2025-03-26 12:30:32,978 - ERROR - Error during scraping: Message: no such element: Unable to locate element: {"method":"css selector","selector":"[id="clickable"]"}
  (Session info: chrome=134.0.6998.177); For documentation on this error, please visit: https://www.selenium.dev/documentation/webdriver/troubleshooting/errors#no-such-element-exception
Stacktrace:
	GetHandleVerifier [0x00007FF7C0F94C25+3179557]
	(No symbol) [0x00007FF7C0BF88A0]
	(No symbol) [0x00007FF7C0A891CA]
	(No symbol) [0x00007FF7C0ADFA67]
	(No symbol) [0x00007FF7C0ADFC9C]
	(No symbol) [0x00007FF7C0B33627]
	(No symbol) [0x00007FF7C0B07C6F]
	(No symbol) [0x00007FF7C0B302F3]
	(No symbol) [0x00007FF7C0B07A03]
	(No symbol) [0x00007FF7C0AD06D0]
	(No symbol) [0x00007FF7C0AD1983]
	GetHandleVerifier [0x00007FF7C0FF67CD+3579853]
	GetHandleVerifier [0x00007FF7C100D1D2+3672530]
	GetHandleVerifier [0x00007FF7C1002153+3627347]
	GetHandleVerifier [0x00007FF7C0D6092A+868650]
	(No symbol) [0x00007FF7C0C02FFF]
	(No symbol) [0x00007FF7C0BFF4A4]
	(No symbol) [0x00007FF7C0BFF646]
	(No symbol) [0x00007FF7C0BEEAA9]
	BaseThreadInitThunk [0x00007FFEE5337374+20]
	RtlUserThreadStart [0x00007FFEE641CC91+33]

2025-03-26 12:31:54,993 - INFO - Starting CVS price scraping with both lists...
2025-03-26 12:31:54,993 - INFO - Starting second grocery list scraping
2025-03-26 12:33:30,033 - INFO - Starting CVS price scraping with both lists...
2025-03-26 12:33:30,033 - INFO - Starting second grocery list scraping
2025-03-26 12:37:41,859 - INFO - Successfully scraped 0 products from second list
2025-03-26 12:37:41,860 - INFO - Total products scraped: 0
2025-03-26 12:37:41,862 - ERROR - Error during scraping: name 'all_products' is not defined
2025-03-26 12:41:49,712 - INFO - Starting CVS price scraping with both lists...
2025-03-26 12:41:49,712 - INFO - Starting second grocery list scraping
2025-03-26 12:45:13,905 - INFO - Successfully scraped 0 products from second list
2025-03-26 12:45:13,905 - INFO - Total products scraped: 0
2025-03-26 12:45:13,912 - ERROR - Error during scraping: name 'all_products' is not defined
2025-03-28 11:57:23,132 - INFO - Starting CVS price scraping with both lists...
2025-03-28 11:57:23,133 - INFO - Starting second grocery list scraping
2025-03-28 11:57:30,414 - WARNING - Error occurred during getting browser: iter, but was suppressed with fallback.
2025-03-28 11:57:32,464 - WARNING - Error occurred during getting browser: iter, but was suppressed with fallback.
2025-03-28 11:57:33,800 - WARNING - Error occurred during getting browser: iter, but was suppressed with fallback.
2025-03-28 11:57:34,357 - WARNING - Error occurred during getting browser: iter, but was suppressed with fallback.
2025-03-28 11:57:34,769 - WARNING - Error occurred during getting browser: iter, but was suppressed with fallback.
2025-03-28 11:57:35,337 - WARNING - Error occurred during getting browser: iter, but was suppressed with fallback.
2025-03-28 11:57:35,898 - WARNING - Error occurred during getting browser: iter, but was suppressed with fallback.
2025-03-28 11:57:36,697 - INFO - patching driver executable C:\Users\caona\appdata\roaming\undetected_chromedriver\undetected_chromedriver.exe
2025-03-28 11:57:39,157 - WARNING - Error occurred during getting browser: iter, but was suppressed with fallback.
2025-03-28 11:57:41,417 - WARNING - Error occurred during getting browser: iter, but was suppressed with fallback.
2025-03-28 11:57:42,162 - WARNING - Error occurred during getting browser: iter, but was suppressed with fallback.
2025-03-28 11:57:42,881 - WARNING - Error occurred during getting browser: iter, but was suppressed with fallback.
2025-03-28 11:58:16,552 - INFO - Starting CVS price scraping with both lists...
2025-03-28 11:58:16,553 - INFO - Starting second grocery list scraping
2025-03-28 11:58:24,482 - WARNING - Error occurred during getting browser: iter, but was suppressed with fallback.
2025-03-28 11:58:25,490 - WARNING - Error occurred during getting browser: iter, but was suppressed with fallback.
2025-03-28 12:03:21,108 - INFO - Starting CVS price scraping with both lists...
2025-03-28 12:03:21,109 - INFO - Starting second grocery list scraping
2025-03-28 12:03:24,120 - WARNING - Error occurred during getting browser: iter, but was suppressed with fallback.
2025-03-28 12:03:25,293 - WARNING - Error occurred during getting browser: iter, but was suppressed with fallback.
2025-03-28 12:04:32,996 - INFO - Starting CVS price scraping with both lists...
2025-03-28 12:04:32,997 - INFO - Starting second grocery list scraping
2025-03-28 12:04:35,643 - WARNING - Error occurred during getting browser: iter, but was suppressed with fallback.
2025-03-28 12:04:36,862 - WARNING - Error occurred during getting browser: iter, but was suppressed with fallback.
2025-03-28 12:09:07,866 - INFO - Starting CVS price scraping with both lists...
2025-03-28 12:09:07,867 - INFO - Starting second grocery list scraping
2025-03-28 12:09:12,650 - WARNING - Error occurred during getting browser: iter, but was suppressed with fallback.
2025-03-28 12:09:14,758 - WARNING - Error occurred during getting browser: iter, but was suppressed with fallback.
2025-03-28 12:14:04,782 - INFO - Starting CVS price scraping with both lists...
2025-03-28 12:14:04,783 - INFO - Starting second grocery list scraping
2025-03-28 12:14:07,444 - WARNING - Error occurred during getting browser: iter, but was suppressed with fallback.
2025-03-28 12:14:08,486 - WARNING - Error occurred during getting browser: iter, but was suppressed with fallback.
2025-03-28 12:14:09,210 - INFO - patching driver executable C:\Users\caona\appdata\roaming\undetected_chromedriver\undetected_chromedriver.exe
2025-03-28 12:14:40,168 - INFO - Starting CVS price scraping with both lists...
2025-03-28 12:14:40,169 - INFO - Starting second grocery list scraping
2025-03-28 12:14:43,558 - WARNING - Error occurred during getting browser: iter, but was suppressed with fallback.
2025-03-28 12:14:44,475 - WARNING - Error occurred during getting browser: iter, but was suppressed with fallback.
2025-03-28 12:21:36,430 - INFO - Starting CVS price scraping with both lists...
2025-03-28 12:21:36,431 - INFO - Starting second grocery list scraping
2025-03-28 12:21:41,564 - WARNING - Error occurred during getting browser: iter, but was suppressed with fallback.
2025-03-28 12:21:42,388 - WARNING - Error occurred during getting browser: iter, but was suppressed with fallback.
2025-03-28 12:21:43,101 - WARNING - Error occurred during getting browser: iter, but was suppressed with fallback.
2025-03-28 12:21:43,607 - WARNING - Error occurred during getting browser: iter, but was suppressed with fallback.
2025-03-28 12:21:44,026 - WARNING - Error occurred during getting browser: iter, but was suppressed with fallback.
2025-03-28 12:21:44,502 - WARNING - Error occurred during getting browser: iter, but was suppressed with fallback.
2025-03-28 12:21:45,286 - WARNING - Error occurred during getting browser: iter, but was suppressed with fallback.
2025-03-28 12:21:45,901 - WARNING - Error occurred during getting browser: iter, but was suppressed with fallback.
2025-03-28 12:21:47,159 - WARNING - Error occurred during getting browser: iter, but was suppressed with fallback.
2025-03-28 12:21:48,462 - WARNING - Error occurred during getting browser: iter, but was suppressed with fallback.
2025-03-28 12:21:49,067 - WARNING - Error occurred during getting browser: iter, but was suppressed with fallback.
2025-03-28 12:21:59,275 - WARNING - Error occurred during getting browser: iter, but was suppressed with fallback.
2025-03-28 12:38:18,995 - INFO - Starting CVS price scraping with both lists...
2025-03-28 12:38:18,996 - INFO - Starting second grocery list scraping
2025-03-28 12:38:19,477 - WARNING - Error occurred during getting browser: iter, but was suppressed with fallback.
2025-03-28 12:39:56,199 - INFO - patching driver executable C:\Users\caona\appdata\roaming\undetected_chromedriver\undetected_chromedriver.exe
2025-04-01 13:11:27,000 - INFO - Starting CVS price scraping with both lists...
2025-04-01 13:11:27,000 - INFO - Starting second grocery list scraping
2025-04-01 13:11:27,449 - INFO - patching driver executable C:\Users\caona\appdata\roaming\undetected_chromedriver\undetected_chromedriver.exe
2025-04-01 13:11:28,789 - ERROR - Error during scraping: Message: session not created: cannot connect to chrome at 127.0.0.1:63263
from session not created: This version of ChromeDriver only supports Chrome version 135
Current browser version is 134.0.6998.178
Stacktrace:
	GetHandleVerifier [0x00385463+60691]
	GetHandleVerifier [0x003854A4+60756]
	(No symbol) [0x001B0693]
	(No symbol) [0x001E9E1B]
	(No symbol) [0x001E8E39]
	(No symbol) [0x001DF5AF]
	(No symbol) [0x001DF3E6]
	(No symbol) [0x00228DE1]
	(No symbol) [0x002287AA]
	(No symbol) [0x0021CE56]
	(No symbol) [0x001EC5F3]
	(No symbol) [0x001ED444]
	GetHandleVerifier [0x005CBC03+2446515]
	GetHandleVerifier [0x005C71D8+2427528]
	GetHandleVerifier [0x005E2D9E+2541134]
	GetHandleVerifier [0x0039C415+154821]
	GetHandleVerifier [0x003A2C3D+181485]
	GetHandleVerifier [0x0038CC98+91464]
	GetHandleVerifier [0x0038CE40+91888]
	GetHandleVerifier [0x003779D0+4736]
	BaseThreadInitThunk [0x75A3FCC9+25]
	RtlGetAppContainerNamedObjectPath [0x773082AE+286]
	RtlGetAppContainerNamedObjectPath [0x7730827E+238]
	(No symbol) [0x00000000]

2025-04-01 13:12:53,918 - INFO - Starting CVS price scraping with both lists...
2025-04-01 13:12:53,918 - INFO - Starting second grocery list scraping
2025-04-01 13:12:54,339 - INFO - patching driver executable C:\Users\caona\appdata\roaming\undetected_chromedriver\undetected_chromedriver.exe
2025-04-01 13:12:55,532 - ERROR - Error during scraping: Message: session not created: cannot connect to chrome at 127.0.0.1:63301
from session not created: This version of ChromeDriver only supports Chrome version 135
Current browser version is 134.0.6998.178
Stacktrace:
	GetHandleVerifier [0x00D25463+60691]
	GetHandleVerifier [0x00D254A4+60756]
	(No symbol) [0x00B50693]
	(No symbol) [0x00B89E1B]
	(No symbol) [0x00B88E39]
	(No symbol) [0x00B7F5AF]
	(No symbol) [0x00B7F3E6]
	(No symbol) [0x00BC8DE1]
	(No symbol) [0x00BC87AA]
	(No symbol) [0x00BBCE56]
	(No symbol) [0x00B8C5F3]
	(No symbol) [0x00B8D444]
	GetHandleVerifier [0x00F6BC03+2446515]
	GetHandleVerifier [0x00F671D8+2427528]
	GetHandleVerifier [0x00F82D9E+2541134]
	GetHandleVerifier [0x00D3C415+154821]
	GetHandleVerifier [0x00D42C3D+181485]
	GetHandleVerifier [0x00D2CC98+91464]
	GetHandleVerifier [0x00D2CE40+91888]
	GetHandleVerifier [0x00D179D0+4736]
	BaseThreadInitThunk [0x75A3FCC9+25]
	RtlGetAppContainerNamedObjectPath [0x773082AE+286]
	RtlGetAppContainerNamedObjectPath [0x7730827E+238]

2025-04-01 13:15:05,161 - INFO - Starting CVS price scraping with both lists...
2025-04-01 13:15:05,161 - INFO - Starting second grocery list scraping
2025-04-01 13:15:05,615 - INFO - patching driver executable C:\Users\caona\appdata\roaming\undetected_chromedriver\undetected_chromedriver.exe
2025-04-01 13:15:07,660 - INFO - package: mysql.connector.plugins
2025-04-01 13:15:07,660 - INFO - plugin_name: caching_sha2_password
2025-04-01 13:15:07,660 - INFO - AUTHENTICATION_PLUGIN_CLASS: MySQLCachingSHA2PasswordAuthPlugin
2025-04-01 13:17:59,749 - INFO - Starting CVS price scraping with both lists...
2025-04-01 13:17:59,749 - INFO - Starting second grocery list scraping
2025-04-01 13:18:00,273 - INFO - patching driver executable C:\Users\caona\appdata\roaming\undetected_chromedriver\undetected_chromedriver.exe
2025-04-01 13:18:02,747 - INFO - package: mysql.connector.plugins
2025-04-01 13:18:02,748 - INFO - plugin_name: caching_sha2_password
2025-04-01 13:18:02,748 - INFO - AUTHENTICATION_PLUGIN_CLASS: MySQLCachingSHA2PasswordAuthPlugin
2025-04-01 13:19:06,252 - INFO - Starting CVS price scraping with both lists...
2025-04-01 13:19:06,252 - INFO - Starting second grocery list scraping
2025-04-01 13:19:07,256 - INFO - patching driver executable C:\Users\caona\appdata\roaming\undetected_chromedriver\undetected_chromedriver.exe
2025-04-01 13:19:09,556 - INFO - package: mysql.connector.plugins
2025-04-01 13:19:09,556 - INFO - plugin_name: caching_sha2_password
2025-04-01 13:19:09,556 - INFO - AUTHENTICATION_PLUGIN_CLASS: MySQLCachingSHA2PasswordAuthPlugin
2025-04-01 13:25:34,341 - INFO - Successfully scraped 0 products from second list
2025-04-01 13:25:34,341 - INFO - Total products scraped: 0
2025-04-01 13:30:18,440 - INFO - Starting CVS price scraping with both lists...
2025-04-01 13:30:18,441 - INFO - Starting second grocery list scraping
2025-04-01 13:30:18,441 - ERROR - Error setting up ChromeDriver: name 'options' is not defined
2025-04-01 13:30:18,441 - ERROR - Error during scraping: name 'options' is not defined
2025-04-01 13:30:30,339 - INFO - Starting CVS price scraping with both lists...
2025-04-01 13:30:30,340 - INFO - Starting second grocery list scraping
2025-04-01 13:30:30,341 - ERROR - Error setting up ChromeDriver: name 'options' is not defined
2025-04-01 13:30:30,341 - ERROR - Error during scraping: name 'options' is not defined
2025-04-01 13:31:27,013 - INFO - Starting CVS price scraping with both lists...
2025-04-01 13:31:27,014 - INFO - Starting second grocery list scraping
2025-04-01 13:31:27,508 - INFO - patching driver executable C:\Users\caona\appdata\roaming\undetected_chromedriver\undetected_chromedriver.exe
2025-04-01 13:31:30,215 - INFO - package: mysql.connector.plugins
2025-04-01 13:31:30,215 - INFO - plugin_name: caching_sha2_password
2025-04-01 13:31:30,216 - INFO - AUTHENTICATION_PLUGIN_CLASS: MySQLCachingSHA2PasswordAuthPlugin
2025-04-01 13:43:26,214 - INFO - Starting CVS price scraping with both lists...
2025-04-01 13:43:26,214 - INFO - Starting second grocery list scraping
2025-04-02 11:17:17,628 - INFO - Starting CVS price scraping with both lists...
2025-04-02 11:17:17,629 - INFO - Starting second grocery list scraping
2025-04-02 11:18:36,416 - WARNING - Retrying (Retry(total=2, connect=None, read=None, redirect=None, status=None)) after connection broken by 'ConnectionResetError(10054, 'An existing connection was forcibly closed by the remote host', None, 10054, None)': /session/15e8cc378499189e77a463a834b8b372
2025-04-02 11:18:40,502 - WARNING - Retrying (Retry(total=1, connect=None, read=None, redirect=None, status=None)) after connection broken by 'NewConnectionError('<urllib3.connection.HTTPConnection object at 0x000002309BD1F610>: Failed to establish a new connection: [WinError 10061] No connection could be made because the target machine actively refused it')': /session/15e8cc378499189e77a463a834b8b372
2025-04-02 11:18:59,899 - INFO - Starting CVS price scraping with both lists...
2025-04-02 11:18:59,900 - INFO - Starting second grocery list scraping
2025-04-02 11:19:26,774 - WARNING - Retrying (Retry(total=2, connect=None, read=None, redirect=None, status=None)) after connection broken by 'ConnectionResetError(10054, 'An existing connection was forcibly closed by the remote host', None, 10054, None)': /session/522b1723a89f99e0d3b6db833192fd1b
2025-04-02 11:19:54,145 - INFO - Starting CVS price scraping with both lists...
2025-04-02 11:19:54,145 - INFO - Starting second grocery list scraping
2025-04-02 11:32:45,790 - INFO - Starting CVS price scraping with both lists...
2025-04-02 11:32:45,791 - INFO - Starting second grocery list scraping
2025-04-02 11:32:46,473 - ERROR - Error setting up Firefox driver: Failed to download geckodriver archive: https://github.com/mozilla/geckodriver/releases/download/v0.36.0/geckodriver-v0.36.0-win32.tar.gz
2025-04-02 11:32:46,473 - ERROR - Error during scraping: Failed to download geckodriver archive: https://github.com/mozilla/geckodriver/releases/download/v0.36.0/geckodriver-v0.36.0-win32.tar.gz
2025-04-02 11:34:55,212 - INFO - Starting CVS price scraping with both lists...
2025-04-02 11:34:55,212 - INFO - Starting second grocery list scraping
2025-04-02 11:34:55,789 - ERROR - Error setting up Firefox driver: Failed to download geckodriver archive: https://github.com/mozilla/geckodriver/releases/download/v0.36.0/geckodriver-v0.36.0-win32.tar.gz
2025-04-02 11:34:55,789 - ERROR - Error during scraping: Failed to download geckodriver archive: https://github.com/mozilla/geckodriver/releases/download/v0.36.0/geckodriver-v0.36.0-win32.tar.gz
2025-04-02 11:36:21,993 - INFO - Starting CVS price scraping with both lists...
2025-04-02 11:36:21,993 - INFO - Starting second grocery list scraping
2025-04-02 11:36:22,009 - INFO - ====== WebDriver manager ======
2025-04-02 11:36:23,254 - INFO - Get LATEST geckodriver version for 137.0 firefox
2025-04-02 11:36:23,924 - INFO - Get LATEST geckodriver version for 137.0 firefox
2025-04-02 11:36:24,513 - INFO - There is no [win64] geckodriver "v0.36.0" for browser firefox "137.0" in cache
2025-04-02 11:36:24,513 - INFO - Get LATEST geckodriver version for 137.0 firefox
2025-04-02 11:36:25,085 - INFO - Getting latest mozilla release info for v0.36.0
2025-04-02 11:36:25,721 - INFO - About to download new driver from https://github.com/mozilla/geckodriver/releases/download/v0.36.0/geckodriver-v0.36.0-win64.zip
2025-04-02 11:36:27,030 - INFO - Driver downloading response is 200
2025-04-02 11:36:27,250 - INFO - Get LATEST geckodriver version for 137.0 firefox
2025-04-02 11:36:27,882 - INFO - Driver has been saved in cache [C:\Users\caona\.wdm\drivers\geckodriver\win64\v0.36.0]
2025-04-02 11:38:46,369 - INFO - Starting CVS price scraping with both lists...
2025-04-02 11:38:46,369 - INFO - Starting second grocery list scraping
2025-04-02 11:38:46,371 - INFO - ====== WebDriver manager ======
2025-04-02 11:38:47,570 - INFO - Get LATEST geckodriver version for 137.0 firefox
2025-04-02 11:38:48,145 - INFO - Get LATEST geckodriver version for 137.0 firefox
2025-04-02 11:38:48,711 - INFO - Driver [C:\Users\caona\.wdm\drivers\geckodriver\win64\v0.36.0\geckodriver.exe] found in cache
2025-04-02 11:44:50,461 - INFO - Starting CVS price scraping with both lists...
2025-04-02 11:44:50,462 - INFO - Starting second grocery list scraping
2025-04-02 11:44:50,464 - INFO - ====== WebDriver manager ======
2025-04-02 11:44:51,826 - INFO - Get LATEST geckodriver version for 137.0 firefox
2025-04-02 11:44:52,459 - INFO - Get LATEST geckodriver version for 137.0 firefox
2025-04-02 11:44:53,025 - INFO - Driver [C:\Users\caona\.wdm\drivers\geckodriver\win64\v0.36.0\geckodriver.exe] found in cache
2025-04-02 11:48:37,109 - INFO - Successfully scraped 0 products from second list
2025-04-02 11:48:37,110 - INFO - Total products scraped: 0
2025-04-02 11:49:29,978 - INFO - Starting CVS price scraping with both lists...
2025-04-02 11:49:29,978 - INFO - Starting second grocery list scraping
2025-04-02 11:49:29,981 - INFO - ====== WebDriver manager ======
2025-04-02 11:49:31,290 - INFO - Get LATEST geckodriver version for 137.0 firefox
2025-04-02 11:49:31,970 - INFO - Get LATEST geckodriver version for 137.0 firefox
2025-04-02 11:49:32,562 - INFO - Driver [C:\Users\caona\.wdm\drivers\geckodriver\win64\v0.36.0\geckodriver.exe] found in cache
2025-04-03 11:35:23,463 - INFO - Starting CVS price scraping with both lists...
2025-04-03 11:35:23,463 - INFO - Starting second grocery list scraping
2025-04-03 11:35:23,474 - INFO - ====== WebDriver manager ======
2025-04-03 11:35:24,742 - INFO - Get LATEST geckodriver version for 137.0 firefox
2025-04-03 11:35:25,403 - INFO - Get LATEST geckodriver version for 137.0 firefox
2025-04-03 11:35:26,011 - INFO - Get LATEST geckodriver version for 137.0 firefox
2025-04-03 11:35:26,657 - INFO - Getting latest mozilla release info for v0.36.0
2025-04-03 11:35:27,308 - INFO - About to download new driver from https://github.com/mozilla/geckodriver/releases/download/v0.36.0/geckodriver-v0.36.0-win64.zip
2025-04-03 11:35:28,594 - INFO - Driver downloading response is 200
2025-04-03 11:35:28,813 - INFO - Get LATEST geckodriver version for 137.0 firefox
2025-04-03 11:35:29,445 - INFO - Driver has been saved in cache [C:\Users\caona\.wdm\drivers\geckodriver\win64\v0.36.0]
2025-04-03 11:39:55,246 - INFO - ====== WebDriver manager ======
2025-04-03 11:39:57,014 - INFO - Get LATEST geckodriver version for 137.0 firefox
2025-04-03 11:39:57,678 - INFO - Get LATEST geckodriver version for 137.0 firefox
2025-04-03 11:39:58,535 - INFO - Driver [C:\Users\caona\.wdm\drivers\geckodriver\win64\v0.36.0\geckodriver.exe] found in cache
2025-04-03 11:42:17,641 - INFO - Starting CVS price scraping with both lists...
2025-04-03 11:42:17,642 - INFO - Starting second grocery list scraping
2025-04-03 11:42:17,643 - INFO - ====== WebDriver manager ======
2025-04-03 11:42:19,018 - INFO - Get LATEST geckodriver version for 137.0 firefox
2025-04-03 11:42:19,704 - INFO - Get LATEST geckodriver version for 137.0 firefox
2025-04-03 11:42:20,305 - INFO - Driver [C:\Users\caona\.wdm\drivers\geckodriver\win64\v0.36.0\geckodriver.exe] found in cache
2025-04-03 11:48:35,147 - INFO - Starting CVS price scraping with both lists...
2025-04-03 11:48:35,147 - INFO - Starting second grocery list scraping
2025-04-03 11:48:35,150 - INFO - ====== WebDriver manager ======
2025-04-03 11:48:36,468 - INFO - Get LATEST geckodriver version for 137.0 firefox
2025-04-03 11:48:37,182 - INFO - Get LATEST geckodriver version for 137.0 firefox
2025-04-03 11:48:37,799 - INFO - Driver [C:\Users\caona\.wdm\drivers\geckodriver\win64\v0.36.0\geckodriver.exe] found in cache
2025-04-03 11:52:05,672 - INFO - ====== WebDriver manager ======
2025-04-03 11:52:06,849 - INFO - Get LATEST geckodriver version for 137.0 firefox
2025-04-03 11:52:07,552 - INFO - Get LATEST geckodriver version for 137.0 firefox
2025-04-03 11:52:08,574 - INFO - Driver [C:\Users\caona\.wdm\drivers\geckodriver\win64\v0.36.0\geckodriver.exe] found in cache
2025-04-03 12:12:12,398 - INFO - Starting CVS price scraping with both lists...
2025-04-03 12:12:12,398 - INFO - Starting second grocery list scraping
2025-04-03 12:13:41,446 - INFO - Starting CVS price scraping with both lists...
2025-04-03 12:13:41,447 - INFO - Starting second grocery list scraping
2025-04-03 12:14:18,590 - INFO - Starting CVS price scraping with both lists...
2025-04-03 12:14:18,591 - INFO - Starting second grocery list scraping
2025-04-03 12:15:33,953 - INFO - Starting CVS price scraping with both lists...
2025-04-03 12:15:33,954 - INFO - Starting second grocery list scraping
2025-04-03 12:21:15,611 - INFO - Starting CVS price scraping with both lists...
2025-04-03 12:21:15,612 - INFO - Starting second grocery list scraping
2025-04-03 12:23:41,008 - INFO - Starting CVS price scraping with both lists...
2025-04-03 12:23:41,009 - INFO - Starting second grocery list scraping
2025-04-03 12:26:29,758 - INFO - Starting CVS price scraping with both lists...
2025-04-03 12:26:29,759 - INFO - Starting second grocery list scraping
2025-04-03 12:45:24,478 - INFO - Starting CVS price scraping with both lists...
2025-04-03 12:45:24,479 - INFO - Starting second grocery list scraping
2025-04-03 12:53:19,634 - INFO - Starting CVS price scraping with both lists...
2025-04-03 12:53:19,635 - INFO - Starting second grocery list scraping
2025-04-03 13:03:40,133 - INFO - Successfully scraped 0 products from second list
2025-04-03 13:03:40,133 - INFO - Total products scraped: 0
2025-04-03 13:38:24,534 - ERROR - Error in main execution: name 'grocery_list1' is not defined
2025-04-03 13:39:06,692 - ERROR - Error in main execution: name 'products_list1' is not defined
2025-04-03 13:44:42,273 - ERROR - Location button not found: Message: no such element: Unable to locate element: {"method":"css selector","selector":"button[data-tl-id='header-zip-code-button']"}
  (Session info: chrome=134.0.6998.178); For documentation on this error, please visit: https://www.selenium.dev/documentation/webdriver/troubleshooting/errors#no-such-element-exception
Stacktrace:
	GetHandleVerifier [0x00007FF73E354C25+3179557]
	(No symbol) [0x00007FF73DFB88A0]
	(No symbol) [0x00007FF73DE491CA]
	(No symbol) [0x00007FF73DE9FA67]
	(No symbol) [0x00007FF73DE9FC9C]
	(No symbol) [0x00007FF73DEF3627]
	(No symbol) [0x00007FF73DEC7C6F]
	(No symbol) [0x00007FF73DEF02F3]
	(No symbol) [0x00007FF73DEC7A03]
	(No symbol) [0x00007FF73DE906D0]
	(No symbol) [0x00007FF73DE91983]
	GetHandleVerifier [0x00007FF73E3B67CD+3579853]
	GetHandleVerifier [0x00007FF73E3CD1D2+3672530]
	GetHandleVerifier [0x00007FF73E3C2153+3627347]
	GetHandleVerifier [0x00007FF73E12092A+868650]
	(No symbol) [0x00007FF73DFC2FFF]
	(No symbol) [0x00007FF73DFBF4A4]
	(No symbol) [0x00007FF73DFBF646]
	(No symbol) [0x00007FF73DFAEAA9]
	BaseThreadInitThunk [0x00007FFEE5337374+20]
	RtlUserThreadStart [0x00007FFEE641CC91+33]

2025-04-03 13:44:42,273 - ERROR - Failed to set location
2025-04-03 13:44:48,616 - INFO - Successfully scraped 0 products from second list
