2025-03-28 11:06:33,055 - INFO - Starting CVS price scraping with both lists...
2025-03-28 11:06:33,055 - INFO - Starting second grocery list scraping
2025-03-28 11:09:24,635 - INFO - Successfully scraped 0 products from second list
2025-03-28 11:09:24,636 - INFO - Total products scraped: 0
2025-03-28 11:09:24,638 - ERROR - Error during scraping: name 'all_products' is not defined
2025-03-28 11:14:03,443 - INFO - Starting CVS price scraping with both lists...
2025-03-28 11:14:03,443 - INFO - Starting second grocery list scraping
2025-03-28 11:15:51,337 - WARNING - Retrying (Retry(total=2, connect=None, read=None, redirect=None, status=None)) after connection broken by 'ConnectionResetError(10054, 'An existing connection was forcibly closed by the remote host', None, 10054, None)': /session/2cdf8968d4ee7de9d6954e6569dd6040
2025-03-28 11:15:55,430 - WARNING - Retrying (Retry(total=1, connect=None, read=None, redirect=None, status=None)) after connection broken by 'NewConnectionError('<urllib3.connection.HTTPConnection object at 0x000001E98010F390>: Failed to establish a new connection: [WinError 10061] No connection could be made because the target machine actively refused it')': /session/2cdf8968d4ee7de9d6954e6569dd6040
2025-03-28 11:15:59,529 - WARNING - Retrying (Retry(total=0, connect=None, read=None, redirect=None, status=None)) after connection broken by 'NewConnectionError('<urllib3.connection.HTTPConnection object at 0x000001E98010F4D0>: Failed to establish a new connection: [WinError 10061] No connection could be made because the target machine actively refused it')': /session/2cdf8968d4ee7de9d6954e6569dd6040
2025-03-28 11:16:08,291 - INFO - Starting CVS price scraping with both lists...
2025-03-28 11:16:08,291 - INFO - Starting second grocery list scraping
2025-03-28 11:20:40,323 - INFO - Successfully scraped 0 products from second list
2025-03-28 11:20:40,323 - INFO - Total products scraped: 0
2025-03-28 11:20:40,325 - ERROR - Error during scraping: name 'all_products' is not defined
2025-03-28 11:25:14,850 - INFO - Starting CVS price scraping with both lists...
2025-03-28 11:25:14,850 - INFO - Starting second grocery list scraping
2025-03-28 11:25:15,317 - INFO - patching driver executable C:\Users\caona\appdata\roaming\undetected_chromedriver\undetected_chromedriver.exe
2025-03-28 11:25:17,900 - ERROR - Error during scraping: Message: invalid argument: cannot parse capability: goog:chromeOptions
from invalid argument: unrecognized chrome option: excludeSwitches
Stacktrace:
	GetHandleVerifier [0x003DC7F3+24435]
	(No symbol) [0x00362074]
	(No symbol) [0x002306E3]
	(No symbol) [0x002577DE]
	(No symbol) [0x002590F0]
	(No symbol) [0x0025418D]
	(No symbol) [0x002A80C2]
	(No symbol) [0x002A7AF2]
	(No symbol) [0x002A92B6]
	(No symbol) [0x002A90BA]
	(No symbol) [0x0029D5B6]
	(No symbol) [0x0026C54F]
	(No symbol) [0x0026D894]
	GetHandleVerifier [0x006E70A3+3213347]
	GetHandleVerifier [0x006FB0C9+3295305]
	GetHandleVerifier [0x006F558C+3271948]
	GetHandleVerifier [0x00477360+658144]
	(No symbol) [0x0036B27D]
	(No symbol) [0x00368208]
	(No symbol) [0x003683A9]
	(No symbol) [0x0035AAC0]
	BaseThreadInitThunk [0x75A3FCC9+25]
	RtlGetAppContainerNamedObjectPath [0x773082AE+286]
	RtlGetAppContainerNamedObjectPath [0x7730827E+238]

2025-03-28 11:28:34,409 - INFO - Starting CVS price scraping with both lists...
2025-03-28 11:28:34,409 - INFO - Starting second grocery list scraping
2025-03-28 11:28:34,838 - INFO - patching driver executable C:\Users\caona\appdata\roaming\undetected_chromedriver\undetected_chromedriver.exe
2025-03-28 11:28:37,537 - ERROR - Error during scraping: Message: invalid argument: cannot parse capability: goog:chromeOptions
from invalid argument: unrecognized chrome option: excludeSwitches
Stacktrace:
	GetHandleVerifier [0x0056C7F3+24435]
	(No symbol) [0x004F2074]
	(No symbol) [0x003C06E3]
	(No symbol) [0x003E77DE]
	(No symbol) [0x003E90F0]
	(No symbol) [0x003E418D]
	(No symbol) [0x004380C2]
	(No symbol) [0x00437AF2]
	(No symbol) [0x004392B6]
	(No symbol) [0x004390BA]
	(No symbol) [0x0042D5B6]
	(No symbol) [0x003FC54F]
	(No symbol) [0x003FD894]
	GetHandleVerifier [0x008770A3+3213347]
	GetHandleVerifier [0x0088B0C9+3295305]
	GetHandleVerifier [0x0088558C+3271948]
	GetHandleVerifier [0x00607360+658144]
	(No symbol) [0x004FB27D]
	(No symbol) [0x004F8208]
	(No symbol) [0x004F83A9]
	(No symbol) [0x004EAAC0]
	BaseThreadInitThunk [0x75A3FCC9+25]
	RtlGetAppContainerNamedObjectPath [0x773082AE+286]
	RtlGetAppContainerNamedObjectPath [0x7730827E+238]

2025-03-28 11:29:42,774 - INFO - Starting CVS price scraping with both lists...
2025-03-28 11:29:42,774 - INFO - Starting second grocery list scraping
2025-03-28 11:29:43,172 - INFO - patching driver executable C:\Users\caona\appdata\roaming\undetected_chromedriver\undetected_chromedriver.exe
2025-03-28 11:35:25,527 - INFO - Successfully scraped 0 products from second list
2025-03-28 11:35:25,527 - INFO - Total products scraped: 0
2025-03-28 11:35:25,528 - ERROR - Error during scraping: name 'all_products' is not defined
2025-03-28 11:39:20,290 - INFO - Starting CVS price scraping with both lists...
2025-03-28 11:39:20,290 - INFO - Starting second grocery list scraping
2025-03-28 11:39:20,705 - INFO - patching driver executable C:\Users\caona\appdata\roaming\undetected_chromedriver\undetected_chromedriver.exe
2025-03-28 11:45:33,302 - INFO - Successfully scraped 0 products from second list
2025-03-28 11:45:33,302 - INFO - Total products scraped: 0
2025-03-28 11:50:26,560 - INFO - Starting CVS price scraping with both lists...
2025-03-28 11:50:26,561 - INFO - Starting second grocery list scraping
2025-03-28 11:50:26,976 - INFO - patching driver executable C:\Users\caona\appdata\roaming\undetected_chromedriver\undetected_chromedriver.exe
2025-03-28 12:12:00,260 - INFO - Starting CVS price scraping with both lists...
2025-03-28 12:12:00,260 - INFO - Starting second grocery list scraping
2025-03-28 12:24:24,309 - INFO - Starting CVS price scraping with both lists...
2025-03-28 12:24:24,309 - INFO - Starting second grocery list scraping
2025-03-28 12:24:24,713 - INFO - patching driver executable C:\Users\caona\appdata\roaming\undetected_chromedriver\undetected_chromedriver.exe
2025-03-28 12:30:41,052 - INFO - Successfully scraped 40 products from second list
2025-03-28 12:30:41,052 - INFO - Total products scraped: 40
